<?xml version="1.0" encoding="UTF-8"?>
<robot generator="Robot 5.0.1 (Python 3.10.2 on win32)" generated="20220709 22:56:50.836" rpa="false" schemaversion="3">
<suite id="s1" name="Application" source="C:\Projetos\Robot_Consulta_Correios\application.robot">
<test id="s1-t1" name="RF001 - Consulta CEP" line="9">
<kw name="Nova sessao" library="Commons" type="SETUP">
<kw name="Open Browser" library="SeleniumLibrary">
<arg>${url}</arg>
<arg>edge</arg>
<doc>Opens a new browser instance to the optional ``url``.</doc>
<msg timestamp="20220709 22:56:51.118" level="INFO">Opening browser 'edge' to base url 'https://buscacepinter.correios.com.br/app/endereco/index.php'.</msg>
<status status="PASS" starttime="20220709 22:56:51.118" endtime="20220709 22:56:55.638"/>
</kw>
<status status="PASS" starttime="20220709 22:56:51.118" endtime="20220709 22:56:55.638"/>
</kw>
<kw name="Consulta e validação de cep" library="Consulta_Cep">
<arg>58303360</arg>
<kw name="Go To" library="SeleniumLibrary">
<arg>${url}</arg>
<doc>Navigates the current browser window to the provided ``url``.</doc>
<msg timestamp="20220709 22:56:55.640" level="INFO">Opening url 'https://buscacepinter.correios.com.br/app/endereco/index.php'</msg>
<status status="PASS" starttime="20220709 22:56:55.640" endtime="20220709 22:56:55.797"/>
</kw>
<kw name="Input Text" library="SeleniumLibrary">
<arg>id: endereco</arg>
<arg>${cep}</arg>
<doc>Types the given ``text`` into the text field identified by ``locator``.</doc>
<msg timestamp="20220709 22:56:55.799" level="INFO">Typing text '58303360' into text field 'id: endereco'.</msg>
<status status="PASS" starttime="20220709 22:56:55.798" endtime="20220709 22:56:55.897"/>
</kw>
<kw name="Sleep" library="BuiltIn">
<arg>3</arg>
<doc>Pauses the test executed for the given time.</doc>
<msg timestamp="20220709 22:56:58.913" level="INFO">Slept 3 seconds</msg>
<status status="PASS" starttime="20220709 22:56:55.897" endtime="20220709 22:56:58.913"/>
</kw>
<kw name="Click Element" library="SeleniumLibrary">
<arg>id: btn_pesquisa</arg>
<doc>Click the element identified by ``locator``.</doc>
<msg timestamp="20220709 22:56:58.914" level="INFO">Clicking element 'id: btn_pesquisa'.</msg>
<msg timestamp="20220709 22:56:59.039" level="INFO" html="true">&lt;/td&gt;&lt;/tr&gt;&lt;tr&gt;&lt;td colspan="3"&gt;&lt;a href="selenium-screenshot-1.png"&gt;&lt;img src="selenium-screenshot-1.png" width="800px"&gt;&lt;/a&gt;</msg>
<msg timestamp="20220709 22:56:59.040" level="FAIL">Element with locator 'id: btn_pesquisa' not found.</msg>
<status status="FAIL" starttime="20220709 22:56:58.913" endtime="20220709 22:56:59.049"/>
</kw>
<kw name="Sleep" library="BuiltIn">
<arg>3</arg>
<doc>Pauses the test executed for the given time.</doc>
<status status="NOT RUN" starttime="20220709 22:56:59.049" endtime="20220709 22:56:59.050"/>
</kw>
<kw name="Get Text" library="SeleniumLibrary">
<var>${row_table}</var>
<arg>id: resultado-DNEC</arg>
<doc>Returns the text value of the element identified by ``locator``.</doc>
<status status="NOT RUN" starttime="20220709 22:56:59.050" endtime="20220709 22:56:59.050"/>
</kw>
<kw name="Should Contain" library="BuiltIn">
<arg>${row_table}</arg>
<arg>Rua Monsenhor S. Pires Ferreira</arg>
<doc>Fails if ``container`` does not contain ``item`` one or more times.</doc>
<status status="NOT RUN" starttime="20220709 22:56:59.050" endtime="20220709 22:56:59.050"/>
</kw>
<status status="FAIL" starttime="20220709 22:56:55.639" endtime="20220709 22:56:59.051"/>
</kw>
<kw name="Encerra sessao" library="Commons" type="TEARDOWN">
<kw name="Capture Page Screenshot" library="SeleniumLibrary">
<doc>Takes a screenshot of the current page and embeds it into a log file.</doc>
<msg timestamp="20220709 22:56:59.164" level="INFO" html="true">&lt;/td&gt;&lt;/tr&gt;&lt;tr&gt;&lt;td colspan="3"&gt;&lt;a href="selenium-screenshot-2.png"&gt;&lt;img src="selenium-screenshot-2.png" width="800px"&gt;&lt;/a&gt;</msg>
<status status="PASS" starttime="20220709 22:56:59.054" endtime="20220709 22:56:59.164"/>
</kw>
<kw name="Sleep" library="BuiltIn">
<arg>3</arg>
<doc>Pauses the test executed for the given time.</doc>
<msg timestamp="20220709 22:57:02.170" level="INFO">Slept 3 seconds</msg>
<status status="PASS" starttime="20220709 22:56:59.164" endtime="20220709 22:57:02.170"/>
</kw>
<kw name="Close Browser" library="SeleniumLibrary">
<doc>Closes the current browser.</doc>
<status status="PASS" starttime="20220709 22:57:02.170" endtime="20220709 22:57:04.348"/>
</kw>
<status status="PASS" starttime="20220709 22:56:59.052" endtime="20220709 22:57:04.348"/>
</kw>
<status status="FAIL" starttime="20220709 22:56:51.117" endtime="20220709 22:57:04.351">Element with locator 'id: btn_pesquisa' not found.</status>
</test>
<status status="FAIL" starttime="20220709 22:56:50.838" endtime="20220709 22:57:04.356"/>
</suite>
<statistics>
<total>
<stat pass="0" fail="1" skip="0">All Tests</stat>
</total>
<tag>
</tag>
<suite>
<stat pass="0" fail="1" skip="0" id="s1" name="Application">Application</stat>
</suite>
</statistics>
<errors>
</errors>
</robot>
