<?xml version="1.0" encoding="UTF-8"?>
<robot generator="Robot 5.0.1 (Python 3.10.2 on win32)" generated="20220628 15:12:42.921" rpa="false" schemaversion="3">
<suite id="s1" name="Application" source="C:\Projetos\Robot_Consulta_Correios\application.robot">
<test id="s1-t1" name="RF001 - Consulta CEP" line="9">
<kw name="Nova sessao" library="Commons" type="SETUP">
<kw name="Open Browser" library="SeleniumLibrary">
<arg>${url}</arg>
<arg>edge</arg>
<doc>Opens a new browser instance to the optional ``url``.</doc>
<msg timestamp="20220628 15:12:43.170" level="INFO">Opening browser 'edge' to base url 'https://buscacepinter.correios.com.br/app/endereco/index.php'.</msg>
<status status="PASS" starttime="20220628 15:12:43.169" endtime="20220628 15:12:47.062"/>
</kw>
<status status="PASS" starttime="20220628 15:12:43.168" endtime="20220628 15:12:47.063"/>
</kw>
<kw name="Consulta e validação de cep" library="Consulta_Cep">
<arg>58303360</arg>
<kw name="Go To" library="SeleniumLibrary">
<arg>${url}</arg>
<doc>Navigates the current browser window to the provided ``url``.</doc>
<msg timestamp="20220628 15:12:47.065" level="INFO">Opening url 'https://buscacepinter.correios.com.br/app/endereco/index.php'</msg>
<status status="PASS" starttime="20220628 15:12:47.065" endtime="20220628 15:12:47.262"/>
</kw>
<kw name="Input Text" library="SeleniumLibrary">
<arg>id: endereco</arg>
<arg>${cep}</arg>
<doc>Types the given ``text`` into the text field identified by ``locator``.</doc>
<msg timestamp="20220628 15:12:47.263" level="INFO">Typing text '58303360' into text field 'id: endereco'.</msg>
<status status="PASS" starttime="20220628 15:12:47.262" endtime="20220628 15:12:47.399"/>
</kw>
<kw name="Sleep" library="BuiltIn">
<arg>3</arg>
<doc>Pauses the test executed for the given time.</doc>
<msg timestamp="20220628 15:12:50.412" level="INFO">Slept 3 seconds</msg>
<status status="PASS" starttime="20220628 15:12:47.400" endtime="20220628 15:12:50.412"/>
</kw>
<kw name="Click Element" library="SeleniumLibrary">
<arg>id: btn_pesquisar</arg>
<doc>Click the element identified by ``locator``.</doc>
<msg timestamp="20220628 15:12:50.413" level="INFO">Clicking element 'id: btn_pesquisar'.</msg>
<status status="PASS" starttime="20220628 15:12:50.413" endtime="20220628 15:12:50.540"/>
</kw>
<kw name="Sleep" library="BuiltIn">
<arg>3</arg>
<doc>Pauses the test executed for the given time.</doc>
<msg timestamp="20220628 15:12:53.543" level="INFO">Slept 3 seconds</msg>
<status status="PASS" starttime="20220628 15:12:50.540" endtime="20220628 15:12:53.543"/>
</kw>
<kw name="Get Text" library="SeleniumLibrary">
<var>${row_table}</var>
<arg>id: resultado-DNEC</arg>
<doc>Returns the text value of the element identified by ``locator``.</doc>
<msg timestamp="20220628 15:12:53.622" level="INFO">${row_table} = Logradouro/Nome Bairro/Distrito Localidade/UF CEP
Rua Monsenhor S. Pires Ferreira Municípios Santa Rita/PB 58303-360</msg>
<status status="PASS" starttime="20220628 15:12:53.543" endtime="20220628 15:12:53.622"/>
</kw>
<kw name="Should Contain" library="BuiltIn">
<arg>${row_table}</arg>
<arg>Rua Monsenhor S. Pires Ferreira</arg>
<doc>Fails if ``container`` does not contain ``item`` one or more times.</doc>
<status status="PASS" starttime="20220628 15:12:53.622" endtime="20220628 15:12:53.623"/>
</kw>
<status status="PASS" starttime="20220628 15:12:47.064" endtime="20220628 15:12:53.623"/>
</kw>
<kw name="Encerra sessao" library="Commons" type="TEARDOWN">
<kw name="Capture Page Screenshot" library="SeleniumLibrary">
<doc>Takes a screenshot of the current page and embeds it into a log file.</doc>
<msg timestamp="20220628 15:12:53.967" level="INFO" html="true">&lt;/td&gt;&lt;/tr&gt;&lt;tr&gt;&lt;td colspan="3"&gt;&lt;a href="selenium-screenshot-9.png"&gt;&lt;img src="selenium-screenshot-9.png" width="800px"&gt;&lt;/a&gt;</msg>
<status status="PASS" starttime="20220628 15:12:53.625" endtime="20220628 15:12:53.967"/>
</kw>
<kw name="Sleep" library="BuiltIn">
<arg>3</arg>
<doc>Pauses the test executed for the given time.</doc>
<msg timestamp="20220628 15:12:56.976" level="INFO">Slept 3 seconds</msg>
<status status="PASS" starttime="20220628 15:12:53.967" endtime="20220628 15:12:56.976"/>
</kw>
<kw name="Close Browser" library="SeleniumLibrary">
<doc>Closes the current browser.</doc>
<status status="PASS" starttime="20220628 15:12:56.977" endtime="20220628 15:12:59.264"/>
</kw>
<status status="PASS" starttime="20220628 15:12:53.624" endtime="20220628 15:12:59.264"/>
</kw>
<status status="PASS" starttime="20220628 15:12:43.166" endtime="20220628 15:12:59.266"/>
</test>
<status status="PASS" starttime="20220628 15:12:42.924" endtime="20220628 15:12:59.270"/>
</suite>
<statistics>
<total>
<stat pass="1" fail="0" skip="0">All Tests</stat>
</total>
<tag>
</tag>
<suite>
<stat pass="1" fail="0" skip="0" id="s1" name="Application">Application</stat>
</suite>
</statistics>
<errors>
</errors>
</robot>
