<?xml version="1.0" encoding="UTF-8"?>
<robot generator="Robot 5.0.1 (Python 3.10.2 on win32)" generated="20220530 23:50:44.139" rpa="false" schemaversion="3">
<suite id="s1" name="Application" source="C:\Projetos\Robot_Consulta_Correios\application.robot">
<test id="s1-t1" name="RF001 - Consulta CEP" line="9">
<kw name="Nova sessao" library="Commons" type="SETUP">
<kw name="Open Browser" library="SeleniumLibrary">
<arg>${url}</arg>
<arg>edge</arg>
<doc>Opens a new browser instance to the optional ``url``.</doc>
<msg timestamp="20220530 23:50:44.388" level="INFO">Opening browser 'edge' to base url 'https://buscacepinter.correios.com.br/app/endereco/index.php'.</msg>
<status status="PASS" starttime="20220530 23:50:44.388" endtime="20220530 23:50:47.759"/>
</kw>
<status status="PASS" starttime="20220530 23:50:44.387" endtime="20220530 23:50:47.759"/>
</kw>
<kw name="Consulta e validação de cep" library="Consulta_Cep">
<arg>58303360</arg>
<kw name="Go To" library="SeleniumLibrary">
<arg>${url}</arg>
<doc>Navigates the current browser window to the provided ``url``.</doc>
<msg timestamp="20220530 23:50:47.763" level="INFO">Opening url 'https://buscacepinter.correios.com.br/app/endereco/index.php'</msg>
<status status="PASS" starttime="20220530 23:50:47.762" endtime="20220530 23:50:47.967"/>
</kw>
<kw name="Input Text" library="SeleniumLibrary">
<arg>id: endereco</arg>
<arg>${cep}</arg>
<doc>Types the given ``text`` into the text field identified by ``locator``.</doc>
<msg timestamp="20220530 23:50:47.968" level="INFO">Typing text '58303360' into text field 'id: endereco'.</msg>
<status status="PASS" starttime="20220530 23:50:47.967" endtime="20220530 23:50:48.152"/>
</kw>
<kw name="Sleep" library="BuiltIn">
<arg>3</arg>
<doc>Pauses the test executed for the given time.</doc>
<msg timestamp="20220530 23:50:51.153" level="INFO">Slept 3 seconds</msg>
<status status="PASS" starttime="20220530 23:50:48.152" endtime="20220530 23:50:51.153"/>
</kw>
<kw name="Click Element" library="SeleniumLibrary">
<arg>id: btn_pesquisar</arg>
<doc>Click the element identified by ``locator``.</doc>
<msg timestamp="20220530 23:50:51.154" level="INFO">Clicking element 'id: btn_pesquisar'.</msg>
<status status="PASS" starttime="20220530 23:50:51.154" endtime="20220530 23:50:51.244"/>
</kw>
<kw name="Sleep" library="BuiltIn">
<arg>3</arg>
<doc>Pauses the test executed for the given time.</doc>
<msg timestamp="20220530 23:50:54.247" level="INFO">Slept 3 seconds</msg>
<status status="PASS" starttime="20220530 23:50:51.244" endtime="20220530 23:50:54.247"/>
</kw>
<kw name="Get Text" library="SeleniumLibrary">
<var>${row_table}</var>
<arg>id: resultado-DNEC</arg>
<doc>Returns the text value of the element identified by ``locator``.</doc>
<msg timestamp="20220530 23:50:54.302" level="INFO">${row_table} = Logradouro/Nome Bairro/Distrito Localidade/UF CEP
Rua Monsenhor S. Pires Ferreira Municípios Santa Rita/PB 58303-360</msg>
<status status="PASS" starttime="20220530 23:50:54.248" endtime="20220530 23:50:54.302"/>
</kw>
<kw name="Should Contain" library="BuiltIn">
<arg>${row_table}</arg>
<arg>Rua Monsenhor S. Pires Ferreira</arg>
<doc>Fails if ``container`` does not contain ``item`` one or more times.</doc>
<status status="PASS" starttime="20220530 23:50:54.303" endtime="20220530 23:50:54.304"/>
</kw>
<status status="PASS" starttime="20220530 23:50:47.761" endtime="20220530 23:50:54.304"/>
</kw>
<kw name="Encerra sessao" library="Commons" type="TEARDOWN">
<kw name="Capture Page Screenshot" library="SeleniumLibrary">
<doc>Takes a screenshot of the current page and embeds it into a log file.</doc>
<msg timestamp="20220530 23:50:54.463" level="INFO" html="true">&lt;/td&gt;&lt;/tr&gt;&lt;tr&gt;&lt;td colspan="3"&gt;&lt;a href="selenium-screenshot-6.png"&gt;&lt;img src="selenium-screenshot-6.png" width="800px"&gt;&lt;/a&gt;</msg>
<status status="PASS" starttime="20220530 23:50:54.306" endtime="20220530 23:50:54.464"/>
</kw>
<kw name="Sleep" library="BuiltIn">
<arg>3</arg>
<doc>Pauses the test executed for the given time.</doc>
<msg timestamp="20220530 23:50:57.478" level="INFO">Slept 3 seconds</msg>
<status status="PASS" starttime="20220530 23:50:54.464" endtime="20220530 23:50:57.478"/>
</kw>
<kw name="Close Browser" library="SeleniumLibrary">
<doc>Closes the current browser.</doc>
<status status="PASS" starttime="20220530 23:50:57.479" endtime="20220530 23:50:59.706"/>
</kw>
<status status="PASS" starttime="20220530 23:50:54.306" endtime="20220530 23:50:59.706"/>
</kw>
<status status="PASS" starttime="20220530 23:50:44.386" endtime="20220530 23:50:59.706"/>
</test>
<status status="PASS" starttime="20220530 23:50:44.140" endtime="20220530 23:50:59.710"/>
</suite>
<statistics>
<total>
<stat pass="1" fail="0" skip="0">All Tests</stat>
</total>
<tag>
</tag>
<suite>
<stat pass="1" fail="0" skip="0" id="s1" name="Application">Application</stat>
</suite>
</statistics>
<errors>
<msg timestamp="20220530 23:50:44.383" level="ERROR">Error in file 'C:\Projetos\Robot_Consulta_Correios\application.robot' on line 3: Resource file '..\Resources\Commons.robot' does not exist.</msg>
</errors>
</robot>
