<?xml version="1.0" encoding="UTF-8"?>
<robot generator="Robot 5.0 (Python 3.10.2 on win32)" generated="20220515 00:38:19.113" rpa="false" schemaversion="3">
<suite id="s1" name="Consulta Cep" source="C:\Projetos\Robot_Consulta_Correios\testes\Consulta_Cep.robot">
<test id="s1-t1" name="Consulta e validação de cep" line="8">
<kw name="Nova sessao" library="Commons" type="SETUP">
<kw name="Open Browser" library="SeleniumLibrary">
<arg>${url}</arg>
<arg>edge</arg>
<doc>Opens a new browser instance to the optional ``url``.</doc>
<msg timestamp="20220515 00:38:19.319" level="INFO">Opening browser 'edge' to base url 'https://buscacepinter.correios.com.br/app/endereco/index.php'.</msg>
<status status="PASS" starttime="20220515 00:38:19.318" endtime="20220515 00:38:22.400"/>
</kw>
<status status="PASS" starttime="20220515 00:38:19.318" endtime="20220515 00:38:22.400"/>
</kw>
<kw name="Go To" library="SeleniumLibrary">
<arg>${url}</arg>
<doc>Navigates the current browser window to the provided ``url``.</doc>
<msg timestamp="20220515 00:38:22.402" level="INFO">Opening url 'https://buscacepinter.correios.com.br/app/endereco/index.php'</msg>
<status status="PASS" starttime="20220515 00:38:22.401" endtime="20220515 00:38:22.573"/>
</kw>
<kw name="Input Text" library="SeleniumLibrary">
<arg>id: endereco</arg>
<arg>58303360</arg>
<doc>Types the given ``text`` into the text field identified by ``locator``.</doc>
<msg timestamp="20220515 00:38:22.575" level="INFO">Typing text '58303360' into text field 'id: endereco'.</msg>
<status status="PASS" starttime="20220515 00:38:22.573" endtime="20220515 00:38:22.680"/>
</kw>
<kw name="Sleep" library="BuiltIn">
<arg>3</arg>
<doc>Pauses the test executed for the given time.</doc>
<msg timestamp="20220515 00:38:25.690" level="INFO">Slept 3 seconds</msg>
<status status="PASS" starttime="20220515 00:38:22.681" endtime="20220515 00:38:25.690"/>
</kw>
<kw name="Click Element" library="SeleniumLibrary">
<arg>id: btn_pesquisar</arg>
<doc>Click the element identified by ``locator``.</doc>
<msg timestamp="20220515 00:38:25.692" level="INFO">Clicking element 'id: btn_pesquisar'.</msg>
<status status="PASS" starttime="20220515 00:38:25.691" endtime="20220515 00:38:25.762"/>
</kw>
<kw name="Sleep" library="BuiltIn">
<arg>3</arg>
<doc>Pauses the test executed for the given time.</doc>
<msg timestamp="20220515 00:38:28.772" level="INFO">Slept 3 seconds</msg>
<status status="PASS" starttime="20220515 00:38:25.763" endtime="20220515 00:38:28.772"/>
</kw>
<kw name="Get Text" library="SeleniumLibrary">
<var>${row_table}</var>
<arg>id: resultado-DNEC</arg>
<doc>Returns the text value of the element identified by ``locator``.</doc>
<msg timestamp="20220515 00:38:28.809" level="INFO">${row_table} = Logradouro/Nome Bairro/Distrito Localidade/UF CEP
Rua Monsenhor S. Pires Ferreira Municípios Santa Rita/PB 58303-360</msg>
<status status="PASS" starttime="20220515 00:38:28.772" endtime="20220515 00:38:28.809"/>
</kw>
<kw name="Should Contain" library="BuiltIn">
<arg>${row_table}</arg>
<arg>Rua Monsenhor S. Pires Ferreira</arg>
<doc>Fails if ``container`` does not contain ``item`` one or more times.</doc>
<status status="PASS" starttime="20220515 00:38:28.810" endtime="20220515 00:38:28.810"/>
</kw>
<kw name="Encerra sessao" library="Commons" type="TEARDOWN">
<kw name="Capture Page Screenshot" library="SeleniumLibrary">
<doc>Takes a screenshot of the current page and embeds it into a log file.</doc>
<msg timestamp="20220515 00:38:28.927" level="INFO" html="true">&lt;/td&gt;&lt;/tr&gt;&lt;tr&gt;&lt;td colspan="3"&gt;&lt;a href="selenium-screenshot-1.png"&gt;&lt;img src="selenium-screenshot-1.png" width="800px"&gt;&lt;/a&gt;</msg>
<status status="PASS" starttime="20220515 00:38:28.811" endtime="20220515 00:38:28.927"/>
</kw>
<kw name="Sleep" library="BuiltIn">
<arg>3</arg>
<doc>Pauses the test executed for the given time.</doc>
<msg timestamp="20220515 00:38:31.940" level="INFO">Slept 3 seconds</msg>
<status status="PASS" starttime="20220515 00:38:28.927" endtime="20220515 00:38:31.940"/>
</kw>
<kw name="Close Browser" library="SeleniumLibrary">
<doc>Closes the current browser.</doc>
<status status="PASS" starttime="20220515 00:38:31.941" endtime="20220515 00:38:34.177"/>
</kw>
<status status="PASS" starttime="20220515 00:38:28.811" endtime="20220515 00:38:34.178"/>
</kw>
<status status="PASS" starttime="20220515 00:38:19.316" endtime="20220515 00:38:34.178"/>
</test>
<status status="PASS" starttime="20220515 00:38:19.114" endtime="20220515 00:38:34.182"/>
</suite>
<statistics>
<total>
<stat pass="1" fail="0" skip="0">All Tests</stat>
</total>
<tag>
</tag>
<suite>
<stat pass="1" fail="0" skip="0" id="s1" name="Consulta Cep">Consulta Cep</stat>
</suite>
</statistics>
<errors>
</errors>
</robot>
