<?xml version="1.0" encoding="UTF-8"?>
<robot generator="Robot 5.0.1 (Python 3.10.2 on win32)" generated="20220524 20:13:44.194" rpa="false" schemaversion="3">
<suite id="s1" name="Consulta Cep" source="C:\Projetos\Robot_Consulta_Correios\testes\consulta_cep.robot">
<test id="s1-t1" name="Consulta e validação de cep" line="14">
<kw name="Nova sessao" library="Commons" type="SETUP">
<kw name="Open Browser" library="SeleniumLibrary">
<arg>${url}</arg>
<arg>edge</arg>
<doc>Opens a new browser instance to the optional ``url``.</doc>
<msg timestamp="20220524 20:13:44.412" level="INFO">Opening browser 'edge' to base url 'https://buscacepinter.correios.com.br/app/endereco/index.php'.</msg>
<status status="PASS" starttime="20220524 20:13:44.412" endtime="20220524 20:13:47.998"/>
</kw>
<status status="PASS" starttime="20220524 20:13:44.411" endtime="20220524 20:13:47.999"/>
</kw>
<kw name="Consulta e validação de cep" library="Commons">
<kw name="Go To" library="SeleniumLibrary">
<arg>${url}</arg>
<doc>Navigates the current browser window to the provided ``url``.</doc>
<msg timestamp="20220524 20:13:48.005" level="INFO">Opening url 'https://buscacepinter.correios.com.br/app/endereco/index.php'</msg>
<status status="PASS" starttime="20220524 20:13:48.003" endtime="20220524 20:13:48.191"/>
</kw>
<kw name="Input Text" library="SeleniumLibrary">
<arg>id: endereco</arg>
<arg>58303360</arg>
<doc>Types the given ``text`` into the text field identified by ``locator``.</doc>
<msg timestamp="20220524 20:13:48.193" level="INFO">Typing text '58303360' into text field 'id: endereco'.</msg>
<status status="PASS" starttime="20220524 20:13:48.192" endtime="20220524 20:13:48.368"/>
</kw>
<kw name="Sleep" library="BuiltIn">
<arg>3</arg>
<doc>Pauses the test executed for the given time.</doc>
<msg timestamp="20220524 20:13:51.382" level="INFO">Slept 3 seconds</msg>
<status status="PASS" starttime="20220524 20:13:48.368" endtime="20220524 20:13:51.382"/>
</kw>
<kw name="Click Element" library="SeleniumLibrary">
<arg>id: btn_pesquisar</arg>
<doc>Click the element identified by ``locator``.</doc>
<msg timestamp="20220524 20:13:51.384" level="INFO">Clicking element 'id: btn_pesquisar'.</msg>
<status status="PASS" starttime="20220524 20:13:51.384" endtime="20220524 20:13:51.458"/>
</kw>
<kw name="Sleep" library="BuiltIn">
<arg>3</arg>
<doc>Pauses the test executed for the given time.</doc>
<msg timestamp="20220524 20:13:54.468" level="INFO">Slept 3 seconds</msg>
<status status="PASS" starttime="20220524 20:13:51.459" endtime="20220524 20:13:54.468"/>
</kw>
<kw name="Get Text" library="SeleniumLibrary">
<var>${row_table}</var>
<arg>id: resultado-DNEC</arg>
<doc>Returns the text value of the element identified by ``locator``.</doc>
<msg timestamp="20220524 20:13:54.531" level="INFO">${row_table} = Logradouro/Nome Bairro/Distrito Localidade/UF CEP
Rua Monsenhor S. Pires Ferreira Municípios Santa Rita/PB 58303-360</msg>
<status status="PASS" starttime="20220524 20:13:54.469" endtime="20220524 20:13:54.531"/>
</kw>
<kw name="Should Contain" library="BuiltIn">
<arg>${row_table}</arg>
<arg>Rua Monsenhor S. Pires Ferreira</arg>
<doc>Fails if ``container`` does not contain ``item`` one or more times.</doc>
<status status="PASS" starttime="20220524 20:13:54.531" endtime="20220524 20:13:54.532"/>
</kw>
<status status="PASS" starttime="20220524 20:13:48.001" endtime="20220524 20:13:54.532"/>
</kw>
<kw name="Encerra sessao" library="Commons" type="TEARDOWN">
<kw name="Capture Page Screenshot" library="SeleniumLibrary">
<doc>Takes a screenshot of the current page and embeds it into a log file.</doc>
<msg timestamp="20220524 20:13:54.694" level="INFO" html="true">&lt;/td&gt;&lt;/tr&gt;&lt;tr&gt;&lt;td colspan="3"&gt;&lt;a href="selenium-screenshot-4.png"&gt;&lt;img src="selenium-screenshot-4.png" width="800px"&gt;&lt;/a&gt;</msg>
<status status="PASS" starttime="20220524 20:13:54.535" endtime="20220524 20:13:54.695"/>
</kw>
<kw name="Sleep" library="BuiltIn">
<arg>3</arg>
<doc>Pauses the test executed for the given time.</doc>
<msg timestamp="20220524 20:13:57.711" level="INFO">Slept 3 seconds</msg>
<status status="PASS" starttime="20220524 20:13:54.695" endtime="20220524 20:13:57.711"/>
</kw>
<kw name="Close Browser" library="SeleniumLibrary">
<doc>Closes the current browser.</doc>
<status status="PASS" starttime="20220524 20:13:57.711" endtime="20220524 20:13:59.994"/>
</kw>
<status status="PASS" starttime="20220524 20:13:54.534" endtime="20220524 20:13:59.994"/>
</kw>
<status status="PASS" starttime="20220524 20:13:44.410" endtime="20220524 20:13:59.995"/>
</test>
<status status="PASS" starttime="20220524 20:13:44.196" endtime="20220524 20:13:59.999"/>
</suite>
<statistics>
<total>
<stat pass="1" fail="0" skip="0">All Tests</stat>
</total>
<tag>
</tag>
<suite>
<stat pass="1" fail="0" skip="0" id="s1" name="Consulta Cep">Consulta Cep</stat>
</suite>
</statistics>
<errors>
</errors>
</robot>
